<?xml version="1.0" encoding="UTF-8"?>
<testng-results ignored="0" total="1" passed="1" failed="0" skipped="0">
  <reporter-output>
  </reporter-output>
  <suite started-at="2021-09-20T13:05:36Z" name="Default suite" finished-at="2021-09-20T13:06:18Z" duration-ms="41467">
    <groups>
    </groups>
    <test started-at="2021-09-20T13:05:36Z" name="Default test" finished-at="2021-09-20T13:06:18Z" duration-ms="41467">
      <class name="com.TestCases.TC_1LoginFunction">
        <test-method is-config="true" signature="before()[pri:0, instance:com.TestCases.TC_1LoginFunction@742ff096]" started-at="2021-09-20T13:05:36Z" name="before" finished-at="2021-09-20T13:06:07Z" duration-ms="31158" status="PASS">
          <reporter-output>
          </reporter-output>
        </test-method> <!-- before -->
        <test-method signature="tc_1()[pri:0, instance:com.TestCases.TC_1LoginFunction@742ff096]" started-at="2021-09-20T13:06:07Z" name="tc_1" finished-at="2021-09-20T13:06:17Z" duration-ms="9684" status="PASS">
          <reporter-output>
          </reporter-output>
        </test-method> <!-- tc_1 -->
        <test-method is-config="true" signature="after()[pri:0, instance:com.TestCases.TC_1LoginFunction@742ff096]" started-at="2021-09-20T13:06:17Z" name="after" finished-at="2021-09-20T13:06:18Z" duration-ms="543" status="PASS">
          <reporter-output>
          </reporter-output>
        </test-method> <!-- after -->
      </class> <!-- com.TestCases.TC_1LoginFunction -->
    </test> <!-- Default test -->
  </suite> <!-- Default suite -->
</testng-results>
